INFO 2025-10-14 23:36:54,535 autoreload 11984 61060 Watching for file changes with StatReloader
INFO 2025-10-14 23:36:57,943 basehttp 11984 62664 "GET / HTTP/1.1" 200 12004
WARNING 2025-10-14 23:36:58,794 log 11984 62664 Not Found: /favicon.ico
WARNING 2025-10-14 23:36:58,794 basehttp 11984 62664 "GET /favicon.ico HTTP/1.1" 404 2211
INFO 2025-10-14 23:37:10,477 basehttp 11984 62664 "GET /admin HTTP/1.1" 301 0
INFO 2025-10-14 23:37:10,488 basehttp 11984 33800 "GET /admin/ HTTP/1.1" 302 0
INFO 2025-10-14 23:37:10,515 basehttp 11984 33800 "GET /admin/login/?next=/admin/ HTTP/1.1" 200 4232
INFO 2025-10-14 23:37:10,773 basehttp 11984 87592 "GET /static/admin/css/login.css HTTP/1.1" 200 951
INFO 2025-10-14 23:37:10,796 basehttp 11984 38296 "GET /static/admin/css/dark_mode.css HTTP/1.1" 200 2808
INFO 2025-10-14 23:37:10,807 basehttp 11984 26124 "GET /static/admin/css/nav_sidebar.css HTTP/1.1" 200 2810
INFO 2025-10-14 23:37:10,838 basehttp 11984 68908 "GET /static/admin/js/theme.js HTTP/1.1" 200 1653
INFO 2025-10-14 23:37:10,855 basehttp 11984 33800 "GET /static/admin/css/base.css HTTP/1.1" 200 22154
INFO 2025-10-14 23:37:10,857 basehttp 11984 948 "GET /static/admin/css/responsive.css HTTP/1.1" 200 16632
INFO 2025-10-14 23:37:11,052 basehttp 11984 948 "GET /static/admin/js/nav_sidebar.js HTTP/1.1" 200 3063
INFO 2025-10-14 23:37:29,922 basehttp 11984 948 "POST /admin/login/?next=/admin/ HTTP/1.1" 302 0
INFO 2025-10-14 23:37:30,000 basehttp 11984 948 "GET /admin/ HTTP/1.1" 200 9825
INFO 2025-10-14 23:37:30,029 basehttp 11984 948 "GET /static/admin/css/dashboard.css HTTP/1.1" 200 441
INFO 2025-10-14 23:37:30,321 basehttp 11984 948 "GET /static/admin/img/icon-addlink.svg HTTP/1.1" 200 331
INFO 2025-10-14 23:37:30,321 basehttp 11984 33800 "GET /static/admin/img/icon-changelink.svg HTTP/1.1" 200 380
INFO 2025-10-14 23:37:40,777 basehttp 11984 33800 "GET /admin/CounselorApp/consultation/ HTTP/1.1" 200 13532
INFO 2025-10-14 23:37:40,809 basehttp 11984 33800 "GET /static/admin/css/changelists.css HTTP/1.1" 200 6878
INFO 2025-10-14 23:37:40,816 basehttp 11984 26124 "GET /static/admin/js/jquery.init.js HTTP/1.1" 200 347
INFO 2025-10-14 23:37:40,817 basehttp 11984 33800 "GET /static/admin/js/actions.js HTTP/1.1" 200 8076
INFO 2025-10-14 23:37:40,817 basehttp 11984 38296 "GET /static/admin/js/core.js HTTP/1.1" 200 6208
INFO 2025-10-14 23:37:40,818 basehttp 11984 87592 "GET /static/admin/js/admin/RelatedObjectLookups.js HTTP/1.1" 200 9777
INFO 2025-10-14 23:37:40,822 basehttp 11984 26124 "GET /static/admin/js/urlify.js HTTP/1.1" 200 7887
INFO 2025-10-14 23:37:40,823 basehttp 11984 33800 "GET /static/admin/js/prepopulate.js HTTP/1.1" 200 1531
INFO 2025-10-14 23:37:40,823 basehttp 11984 948 "GET /admin/jsi18n/ HTTP/1.1" 200 9327
INFO 2025-10-14 23:37:40,823 basehttp 11984 38296 "GET /static/admin/img/search.svg HTTP/1.1" 200 458
INFO 2025-10-14 23:37:40,824 basehttp 11984 68908 "GET /static/admin/js/vendor/jquery/jquery.js HTTP/1.1" 200 285314
INFO 2025-10-14 23:37:40,825 basehttp 11984 87592 "GET /static/admin/js/vendor/xregexp/xregexp.js HTTP/1.1" 200 325171
INFO 2025-10-14 23:37:41,229 basehttp 11984 87592 "GET /static/admin/js/filters.js HTTP/1.1" 200 978
INFO 2025-10-14 23:37:41,241 basehttp 11984 87592 "GET /static/admin/img/tooltag-add.svg HTTP/1.1" 200 331
INFO 2025-10-14 23:37:41,242 basehttp 11984 68908 "GET /static/admin/img/icon-viewlink.svg HTTP/1.1" 200 581
INFO 2025-10-14 23:37:49,737 basehttp 11984 68908 "GET /admin/CounselorApp/counselor/ HTTP/1.1" 200 12353
INFO 2025-10-14 23:37:49,766 basehttp 11984 68908 "GET /admin/jsi18n/ HTTP/1.1" 200 9327
INFO 2025-10-14 23:37:54,030 basehttp 11984 68908 "GET /admin/CounselorApp/client/ HTTP/1.1" 200 12028
INFO 2025-10-14 23:37:54,058 basehttp 11984 68908 "GET /admin/jsi18n/ HTTP/1.1" 200 9327
INFO 2025-10-14 23:37:56,236 basehttp 11984 68908 "GET /admin/CounselorApp/schedule/ HTTP/1.1" 200 11793
INFO 2025-10-14 23:37:56,264 basehttp 11984 68908 "GET /admin/jsi18n/ HTTP/1.1" 200 9327
INFO 2025-10-14 23:37:59,502 basehttp 11984 68908 "GET /admin/CounselorApp/review/ HTTP/1.1" 200 12440
INFO 2025-10-14 23:37:59,532 basehttp 11984 68908 "GET /admin/jsi18n/ HTTP/1.1" 200 9327
INFO 2025-10-14 23:38:30,929 basehttp 11984 68908 "GET /admin/CounselorApp/review/?created_at__gte=2025-10-14+00%3A00%3A00%2B08%3A00&created_at__lt=2025-10-15+00%3A00%3A00%2B08%3A00 HTTP/1.1" 200 13896
INFO 2025-10-14 23:38:30,959 basehttp 11984 68908 "GET /admin/jsi18n/ HTTP/1.1" 200 9327
INFO 2025-10-14 23:38:39,589 basehttp 11984 68908 "GET /admin/CounselorApp/review/add/?_changelist_filters=created_at__gte%3D2025-10-14%2B00%253A00%253A00%252B08%253A00%26created_at__lt%3D2025-10-15%2B00%253A00%253A00%252B08%253A00 HTTP/1.1" 200 18252
INFO 2025-10-14 23:38:39,621 basehttp 11984 87592 "GET /static/admin/js/prepopulate_init.js HTTP/1.1" 200 586
INFO 2025-10-14 23:38:39,621 basehttp 11984 68908 "GET /static/admin/css/forms.css HTTP/1.1" 200 8525
INFO 2025-10-14 23:38:39,622 basehttp 11984 38296 "GET /admin/jsi18n/ HTTP/1.1" 200 9327
INFO 2025-10-14 23:38:39,857 basehttp 11984 38296 "GET /static/admin/css/widgets.css HTTP/1.1" 200 11991
INFO 2025-10-14 23:38:39,860 basehttp 11984 38296 "GET /static/admin/js/change_form.js HTTP/1.1" 200 606
INFO 2025-10-14 23:38:47,897 basehttp 11984 38296 "GET /admin/CounselorApp/review/?created_at__gte=2025-10-14+00%3A00%3A00%2B08%3A00&created_at__lt=2025-10-15+00%3A00%3A00%2B08%3A00 HTTP/1.1" 200 13896
INFO 2025-10-14 23:38:53,084 basehttp 11984 38296 "GET /admin/CounselorApp/client/ HTTP/1.1" 200 12028
INFO 2025-10-14 23:38:53,116 basehttp 11984 38296 "GET /admin/jsi18n/ HTTP/1.1" 200 9327
INFO 2025-10-14 23:38:54,988 basehttp 11984 38296 "GET /admin/CounselorApp/client/add/ HTTP/1.1" 200 15820
INFO 2025-10-14 23:38:55,021 basehttp 11984 38296 "GET /admin/jsi18n/ HTTP/1.1" 200 9327
INFO 2025-10-14 23:39:04,898 basehttp 11984 38296 "GET /admin/auth/user/add/ HTTP/1.1" 200 14761
INFO 2025-10-14 23:39:04,927 basehttp 11984 68908 "GET /static/admin/css/unusable_password_field.css HTTP/1.1" 200 663
INFO 2025-10-14 23:39:04,929 basehttp 11984 38296 "GET /admin/jsi18n/ HTTP/1.1" 200 9327
INFO 2025-10-14 23:39:05,182 basehttp 11984 38296 "GET /static/admin/js/unusable_password_field.js HTTP/1.1" 200 1480
INFO 2025-10-14 23:39:37,632 basehttp 11984 38296 "POST /admin/auth/user/add/ HTTP/1.1" 200 15093
INFO 2025-10-14 23:39:37,659 basehttp 11984 38296 "GET /admin/jsi18n/ HTTP/1.1" 200 9327
INFO 2025-10-14 23:40:01,724 basehttp 11984 38296 "POST /admin/auth/user/add/ HTTP/1.1" 200 15068
INFO 2025-10-14 23:40:01,750 basehttp 11984 38296 "GET /admin/jsi18n/ HTTP/1.1" 200 9327
INFO 2025-10-14 23:40:04,999 basehttp 11984 38296 "GET /admin/auth/user/ HTTP/1.1" 200 14086
INFO 2025-10-14 23:40:05,031 basehttp 11984 68908 "GET /static/admin/img/icon-yes.svg HTTP/1.1" 200 436
INFO 2025-10-14 23:40:05,032 basehttp 11984 38296 "GET /admin/jsi18n/ HTTP/1.1" 200 9327
INFO 2025-10-14 23:40:05,271 basehttp 11984 38296 "GET /static/admin/img/sorting-icons.svg HTTP/1.1" 200 1097
INFO 2025-10-14 23:40:12,877 basehttp 11984 38296 "GET /admin/auth/user/add/ HTTP/1.1" 200 14761
INFO 2025-10-14 23:40:12,907 basehttp 11984 38296 "GET /admin/jsi18n/ HTTP/1.1" 200 9327
INFO 2025-10-14 23:40:29,794 basehttp 11984 38296 "POST /admin/auth/user/add/ HTTP/1.1" 200 14993
INFO 2025-10-14 23:40:29,821 basehttp 11984 38296 "GET /admin/jsi18n/ HTTP/1.1" 200 9327
INFO 2025-10-14 23:40:43,463 basehttp 11984 38296 "POST /admin/auth/user/add/ HTTP/1.1" 200 15024
INFO 2025-10-14 23:40:43,489 basehttp 11984 38296 "GET /admin/jsi18n/ HTTP/1.1" 200 9327
INFO 2025-10-14 23:41:39,967 basehttp 11984 38296 "POST /admin/auth/user/add/ HTTP/1.1" 302 0
INFO 2025-10-14 23:41:39,979 basehttp 11984 38296 "GET /admin/auth/user/add/ HTTP/1.1" 200 14987
INFO 2025-10-14 23:41:40,016 basehttp 11984 38296 "GET /admin/jsi18n/ HTTP/1.1" 200 9327
INFO 2025-10-14 23:42:11,866 basehttp 11984 38296 "POST /admin/auth/user/add/ HTTP/1.1" 302 0
INFO 2025-10-14 23:42:11,877 basehttp 11984 38296 "GET /admin/auth/user/add/ HTTP/1.1" 200 14987
INFO 2025-10-14 23:42:11,902 basehttp 11984 38296 "GET /admin/jsi18n/ HTTP/1.1" 200 9327
INFO 2025-10-14 23:42:19,133 basehttp 11984 38296 "GET /admin/CounselorApp/counselor/ HTTP/1.1" 200 12353
INFO 2025-10-14 23:42:19,168 basehttp 11984 38296 "GET /admin/jsi18n/ HTTP/1.1" 200 9327
INFO 2025-10-14 23:42:21,461 basehttp 11984 38296 "GET /admin/CounselorApp/counselor/add/ HTTP/1.1" 200 20266
INFO 2025-10-14 23:42:21,490 basehttp 11984 38296 "GET /admin/jsi18n/ HTTP/1.1" 200 9327
INFO 2025-10-14 23:42:28,019 basehttp 11984 38296 "GET /admin/auth/user/add/ HTTP/1.1" 200 14761
INFO 2025-10-14 23:42:28,048 basehttp 11984 38296 "GET /admin/jsi18n/ HTTP/1.1" 200 9327
INFO 2025-10-14 23:44:04,451 basehttp 11984 38296 "POST /admin/auth/user/add/ HTTP/1.1" 302 0
INFO 2025-10-14 23:44:04,463 basehttp 11984 38296 "GET /admin/auth/user/add/ HTTP/1.1" 200 14992
INFO 2025-10-14 23:44:04,491 basehttp 11984 38296 "GET /admin/jsi18n/ HTTP/1.1" 200 9327
INFO 2025-10-14 23:44:11,130 basehttp 11984 38296 "GET /admin/CounselorApp/counselor/add/ HTTP/1.1" 200 20307
INFO 2025-10-14 23:44:11,162 basehttp 11984 38296 "GET /admin/jsi18n/ HTTP/1.1" 200 9327
INFO 2025-10-14 23:45:56,064 basehttp 11984 38296 "POST /admin/CounselorApp/counselor/add/ HTTP/1.1" 200 20661
INFO 2025-10-14 23:45:56,097 basehttp 11984 38296 "GET /admin/jsi18n/ HTTP/1.1" 200 9327
INFO 2025-10-14 23:47:20,672 basehttp 11984 38296 "POST /admin/CounselorApp/counselor/add/ HTTP/1.1" 200 20677
INFO 2025-10-14 23:47:20,705 basehttp 11984 38296 "GET /admin/jsi18n/ HTTP/1.1" 200 9327
INFO 2025-10-14 23:47:52,994 basehttp 11984 38296 "POST /admin/CounselorApp/counselor/add/ HTTP/1.1" 200 20694
INFO 2025-10-14 23:47:53,021 basehttp 11984 38296 "GET /admin/jsi18n/ HTTP/1.1" 200 9327
INFO 2025-10-14 23:49:38,807 basehttp 11984 38296 "POST /admin/CounselorApp/counselor/add/ HTTP/1.1" 302 0
INFO 2025-10-14 23:49:38,821 basehttp 11984 38296 "GET /admin/CounselorApp/counselor/ HTTP/1.1" 200 15067
INFO 2025-10-14 23:49:38,855 basehttp 11984 38296 "GET /admin/jsi18n/ HTTP/1.1" 200 9327
INFO 2025-10-14 23:49:42,961 basehttp 11984 38296 "GET /admin/CounselorApp/client/add/ HTTP/1.1" 200 15933
INFO 2025-10-14 23:49:42,990 basehttp 11984 38296 "GET /admin/jsi18n/ HTTP/1.1" 200 9327
INFO 2025-10-14 23:50:26,538 basehttp 11984 38296 "POST /admin/CounselorApp/client/add/ HTTP/1.1" 200 16369
INFO 2025-10-14 23:50:26,564 basehttp 11984 38296 "GET /admin/jsi18n/ HTTP/1.1" 200 9327
INFO 2025-10-14 23:50:43,886 basehttp 11984 38296 "POST /admin/CounselorApp/client/add/ HTTP/1.1" 302 0
INFO 2025-10-14 23:50:43,899 basehttp 11984 38296 "GET /admin/CounselorApp/client/add/ HTTP/1.1" 200 16179
INFO 2025-10-14 23:50:43,925 basehttp 11984 38296 "GET /admin/jsi18n/ HTTP/1.1" 200 9327
INFO 2025-10-14 23:51:25,543 basehttp 11984 38296 "POST /admin/CounselorApp/client/add/ HTTP/1.1" 302 0
INFO 2025-10-14 23:51:25,556 basehttp 11984 38296 "GET /admin/CounselorApp/client/ HTTP/1.1" 200 14929
INFO 2025-10-14 23:51:25,596 basehttp 11984 38296 "GET /admin/jsi18n/ HTTP/1.1" 200 9327
INFO 2025-10-14 23:51:53,597 autoreload 11984 61060 D:\github\SunnyCounselor\Counselor\Counselor\urls.py changed, reloading.
INFO 2025-10-14 23:53:29,763 autoreload 43876 69336 Watching for file changes with StatReloader
INFO 2025-10-14 23:53:48,605 autoreload 72020 68004 Watching for file changes with StatReloader
INFO 2025-10-14 23:55:25,162 autoreload 72020 68004 D:\github\SunnyCounselor\Counselor\Counselor\urls.py changed, reloading.
INFO 2025-10-14 23:55:27,584 autoreload 53904 53572 Watching for file changes with StatReloader
INFO 2025-10-14 23:56:07,357 autoreload 42216 27644 Watching for file changes with StatReloader
INFO 2025-10-14 23:59:21,450 autoreload 21556 73456 Watching for file changes with StatReloader
INFO 2025-10-15 00:02:16,337 autoreload 49672 85180 Watching for file changes with StatReloader
INFO 2025-10-15 00:04:03,807 autoreload 35168 77104 Watching for file changes with StatReloader
INFO 2025-10-15 00:05:43,631 autoreload 66672 64244 Watching for file changes with StatReloader
WARNING 2025-10-15 00:05:47,493 log 66672 69836 Not Found: /
WARNING 2025-10-15 00:05:47,495 basehttp 66672 69836 "GET / HTTP/1.1" 404 2313
WARNING 2025-10-15 00:06:03,448 log 66672 69836 Forbidden: /counselor/
WARNING 2025-10-15 00:06:03,449 basehttp 66672 69836 "GET /counselor/ HTTP/1.1" 403 9723
WARNING 2025-10-15 00:07:15,863 log 66672 69836 Forbidden: /counselor/dashboard/stats/
WARNING 2025-10-15 00:07:15,863 basehttp 66672 69836 "GET /counselor/dashboard/stats/ HTTP/1.1" 403 9943
WARNING 2025-10-15 00:07:36,185 log 66672 69836 Forbidden: /counselor/dashboard/stats/
WARNING 2025-10-15 00:07:36,185 basehttp 66672 69836 "GET /counselor/dashboard/stats/ HTTP/1.1" 403 9943
INFO 2025-10-15 00:07:49,583 basehttp 66672 69836 "GET /admin/ HTTP/1.1" 200 12001
INFO 2025-10-15 00:07:53,322 basehttp 66672 69836 "GET /admin/CounselorApp/counselor/add/ HTTP/1.1" 200 20307
INFO 2025-10-15 00:07:53,382 basehttp 66672 69836 "GET /admin/jsi18n/ HTTP/1.1" 200 9327
INFO 2025-10-15 00:09:12,229 basehttp 66672 69836 "POST /admin/CounselorApp/counselor/add/ HTTP/1.1" 200 20674
INFO 2025-10-15 00:09:12,267 basehttp 66672 69836 "GET /admin/jsi18n/ HTTP/1.1" 200 9327
INFO 2025-10-15 00:09:18,243 basehttp 66672 69836 "POST /admin/CounselorApp/counselor/add/ HTTP/1.1" 302 0
INFO 2025-10-15 00:09:18,280 basehttp 66672 69836 "GET /admin/CounselorApp/counselor/ HTTP/1.1" 200 15593
INFO 2025-10-15 00:09:18,339 basehttp 66672 69836 "GET /admin/jsi18n/ HTTP/1.1" 200 9327
INFO 2025-10-15 00:09:24,135 basehttp 66672 69836 "GET /counselor/dashboard/stats/ HTTP/1.1" 200 10561
INFO 2025-10-15 00:09:37,243 basehttp 66672 69836 "GET /admin/CounselorApp/consultation/add/ HTTP/1.1" 200 19884
INFO 2025-10-15 00:09:37,296 basehttp 66672 24540 "GET /admin/jsi18n/ HTTP/1.1" 200 9327
INFO 2025-10-15 00:09:37,505 basehttp 66672 69836 "GET /static/admin/js/calendar.js HTTP/1.1" 200 9141
INFO 2025-10-15 00:09:37,505 basehttp 66672 86752 "GET /static/admin/js/admin/DateTimeShortcuts.js HTTP/1.1" 200 19319
INFO 2025-10-15 00:09:37,747 basehttp 66672 69836 "GET /static/admin/img/icon-clock.svg HTTP/1.1" 200 677
INFO 2025-10-15 00:09:37,747 basehttp 66672 86752 "GET /static/admin/img/icon-calendar.svg HTTP/1.1" 200 1086
INFO 2025-10-15 00:10:29,893 basehttp 66672 86752 "POST /admin/CounselorApp/consultation/add/ HTTP/1.1" 302 0
INFO 2025-10-15 00:10:29,924 basehttp 66672 86752 "GET /admin/CounselorApp/consultation/ HTTP/1.1" 200 16483
INFO 2025-10-15 00:10:29,985 basehttp 66672 86752 "GET /admin/jsi18n/ HTTP/1.1" 200 9327
INFO 2025-10-15 00:10:34,265 basehttp 66672 86752 "GET /counselor/dashboard/stats/ HTTP/1.1" 200 10887
INFO 2025-10-15 00:11:37,101 autoreload 10844 7764 Watching for file changes with StatReloader
INFO 2025-10-15 17:17:43,394 autoreload 56840 48416 Watching for file changes with StatReloader
WARNING 2025-10-15 17:17:46,047 log 56840 47032 Not Found: /
WARNING 2025-10-15 17:17:46,048 basehttp 56840 47032 "GET / HTTP/1.1" 404 2313
WARNING 2025-10-15 17:17:47,040 log 56840 47032 Not Found: /favicon.ico
WARNING 2025-10-15 17:17:47,041 basehttp 56840 47032 "GET /favicon.ico HTTP/1.1" 404 2364
INFO 2025-10-15 17:17:59,882 basehttp 56840 47032 "GET /admin/ HTTP/1.1" 200 12767
WARNING 2025-10-15 17:18:33,405 log 56840 47032 Not Found: /dashboard/stats/
WARNING 2025-10-15 17:18:33,406 basehttp 56840 47032 "GET /dashboard/stats/ HTTP/1.1" 404 2379
INFO 2025-10-15 17:18:46,743 basehttp 56840 47032 "GET /counselor/dashboard/stats/ HTTP/1.1" 200 10887
INFO 2025-10-15 17:19:17,681 basehttp 56840 47032 "GET /counselor/consultations/in-progress/ HTTP/1.1" 200 15305
INFO 2025-10-15 17:19:18,224 basehttp 56840 47032 "GET /static/rest_framework/fonts/glyphicons-halflings-regular.woff2 HTTP/1.1" 200 18028
INFO 2025-10-15 17:19:29,386 basehttp 56840 47032 "GET /counselor/profile/ HTTP/1.1" 200 16795
INFO 2025-10-15 17:21:20,358 autoreload 13840 32516 Watching for file changes with StatReloader
WARNING 2025-10-15 17:21:23,002 log 13840 7664 Method Not Allowed: /counselor/profile/service-types/
WARNING 2025-10-15 17:21:23,002 basehttp 13840 7664 "GET /counselor/profile/service-types/ HTTP/1.1" 405 12466
INFO 2025-10-15 17:21:52,504 basehttp 13840 7664 "GET /counselor/api/ HTTP/1.1" 200 10617
WARNING 2025-10-15 17:22:11,468 log 13840 7664 Method Not Allowed: /counselor/schedules/bulk-create/
WARNING 2025-10-15 17:22:11,468 basehttp 13840 7664 "GET /counselor/schedules/bulk-create/ HTTP/1.1" 405 10633
INFO 2025-10-15 17:27:23,812 basehttp 13840 36392 "GET /admin/CounselorApp/consultation/ HTTP/1.1" 200 16250
INFO 2025-10-15 17:27:23,862 basehttp 13840 36392 "GET /admin/jsi18n/ HTTP/1.1" 200 9327
INFO 2025-10-15 17:27:38,975 basehttp 13840 36392 "GET /admin/CounselorApp/counselor/ HTTP/1.1" 200 15384
INFO 2025-10-15 17:27:39,005 basehttp 13840 36392 "GET /admin/jsi18n/ HTTP/1.1" 200 9327
INFO 2025-10-15 17:27:41,308 basehttp 13840 36392 "GET /admin/CounselorApp/client/ HTTP/1.1" 200 14726
INFO 2025-10-15 17:27:41,339 basehttp 13840 36392 "GET /admin/jsi18n/ HTTP/1.1" 200 9327
INFO 2025-10-15 17:27:42,450 basehttp 13840 36392 "GET /admin/CounselorApp/schedule/ HTTP/1.1" 200 12123
INFO 2025-10-15 17:27:42,480 basehttp 13840 36392 "GET /admin/jsi18n/ HTTP/1.1" 200 9327
INFO 2025-10-15 17:27:43,200 basehttp 13840 36392 "GET /admin/CounselorApp/review/ HTTP/1.1" 200 12440
INFO 2025-10-15 17:27:43,284 basehttp 13840 36392 "GET /admin/jsi18n/ HTTP/1.1" 200 9327
INFO 2025-10-15 17:27:44,694 basehttp 13840 36392 "GET /admin/auth/user/ HTTP/1.1" 200 15401
INFO 2025-10-15 17:27:45,042 basehttp 13840 36392 "GET /admin/jsi18n/ HTTP/1.1" 200 9327
INFO 2025-10-15 17:27:45,130 basehttp 13840 69048 "GET /static/admin/img/icon-no.svg HTTP/1.1" 200 560
INFO 2025-10-15 17:28:06,532 basehttp 13840 69048 "GET /admin/CounselorApp/consultation/ HTTP/1.1" 200 16250
INFO 2025-10-15 17:28:06,566 basehttp 13840 69048 "GET /admin/jsi18n/ HTTP/1.1" 200 9327
INFO 2025-10-15 17:28:17,958 basehttp 13840 69048 "GET /counselor/dashboard/stats/ HTTP/1.1" 200 10887
INFO 2025-10-15 17:28:34,067 basehttp 13840 69048 "GET /admin/CounselorApp/counselor/ HTTP/1.1" 200 15384
INFO 2025-10-15 17:28:34,100 basehttp 13840 69048 "GET /admin/jsi18n/ HTTP/1.1" 200 9327
INFO 2025-10-15 17:28:34,882 basehttp 13840 69048 "GET /admin/CounselorApp/client/ HTTP/1.1" 200 14726
INFO 2025-10-15 17:28:34,910 basehttp 13840 69048 "GET /admin/jsi18n/ HTTP/1.1" 200 9327
INFO 2025-10-15 17:28:35,812 basehttp 13840 69048 "GET /admin/CounselorApp/schedule/ HTTP/1.1" 200 12123
INFO 2025-10-15 17:28:35,843 basehttp 13840 69048 "GET /admin/jsi18n/ HTTP/1.1" 200 9327
INFO 2025-10-15 17:28:36,809 basehttp 13840 69048 "GET /admin/CounselorApp/review/ HTTP/1.1" 200 12440
INFO 2025-10-15 17:28:36,838 basehttp 13840 69048 "GET /admin/jsi18n/ HTTP/1.1" 200 9327
INFO 2025-10-15 17:28:38,056 basehttp 13840 69048 "GET /admin/CounselorApp/review/add/ HTTP/1.1" 200 18345
INFO 2025-10-15 17:28:38,086 basehttp 13840 69048 "GET /admin/jsi18n/ HTTP/1.1" 200 9327
INFO 2025-10-15 17:28:46,545 basehttp 13840 69048 "GET /admin/CounselorApp/schedule/ HTTP/1.1" 200 12123
INFO 2025-10-15 17:28:46,576 basehttp 13840 69048 "GET /admin/jsi18n/ HTTP/1.1" 200 9327
INFO 2025-10-15 17:28:48,531 basehttp 13840 69048 "GET /admin/CounselorApp/schedule/add/ HTTP/1.1" 200 15993
INFO 2025-10-15 17:28:48,563 basehttp 13840 69048 "GET /admin/jsi18n/ HTTP/1.1" 200 9327
INFO 2025-10-20 10:58:18,818 autoreload 4552 33764 Watching for file changes with StatReloader
INFO 2025-10-20 11:02:10,874 autoreload 65016 79068 Watching for file changes with StatReloader
INFO 2025-10-20 11:14:35,982 autoreload 28964 2516 Watching for file changes with StatReloader
INFO 2025-10-20 11:15:34,866 autoreload 50344 3092 Watching for file changes with StatReloader
INFO 2025-10-20 11:21:33,827 basehttp 28964 60268 "GET /admin/ HTTP/1.1" 302 0
INFO 2025-10-20 11:21:34,135 basehttp 28964 60268 "GET /admin/login/?next=/admin/ HTTP/1.1" 200 4232
WARNING 2025-10-20 11:21:35,617 log 28964 60268 Not Found: /favicon.ico
WARNING 2025-10-20 11:21:35,617 basehttp 28964 60268 "GET /favicon.ico HTTP/1.1" 404 2523
INFO 2025-10-20 11:21:37,506 basehttp 28964 60268 "POST /admin/login/?next=/admin/ HTTP/1.1" 200 4390
INFO 2025-10-20 11:25:27,077 basehttp 28964 60268 "POST /admin/login/?next=/admin/ HTTP/1.1" 200 4390
INFO 2025-10-20 11:25:38,134 basehttp 28964 60268 "GET /admin/ HTTP/1.1" 302 0
INFO 2025-10-20 11:25:38,144 basehttp 28964 60268 "GET /admin/login/?next=/admin/ HTTP/1.1" 200 4232
INFO 2025-10-20 11:25:41,632 basehttp 28964 60268 "POST /admin/login/?next=/admin/ HTTP/1.1" 200 4390
INFO 2025-10-20 11:26:08,391 basehttp 28964 60268 "POST /admin/login/?next=/admin/ HTTP/1.1" 200 4386
INFO 2025-10-20 11:28:47,599 basehttp 28964 60268 "GET /admin/ HTTP/1.1" 302 0
INFO 2025-10-20 11:28:47,621 basehttp 28964 60268 "GET /admin/login/?next=/admin/ HTTP/1.1" 200 4232
INFO 2025-10-20 11:28:51,210 basehttp 28964 60268 "POST /admin/login/?next=/admin/ HTTP/1.1" 200 4390
INFO 2025-10-20 11:31:31,270 autoreload 27232 34448 Watching for file changes with StatReloader
INFO 2025-10-20 11:34:32,300 basehttp 28964 22268 "GET /admin/ HTTP/1.1" 302 0
INFO 2025-10-20 11:34:32,319 basehttp 28964 22268 "GET /admin/login/?next=/admin/ HTTP/1.1" 200 4232
INFO 2025-10-20 11:34:41,791 basehttp 28964 22268 "POST /admin/login/?next=/admin/ HTTP/1.1" 302 0
INFO 2025-10-20 11:34:41,829 basehttp 28964 22268 "GET /admin/ HTTP/1.1" 200 17948
INFO 2025-10-20 11:51:51,312 autoreload 64396 40280 Watching for file changes with StatReloader
INFO 2025-10-20 13:26:21,458 autoreload 85068 75048 Watching for file changes with StatReloader
WARNING 2025-10-20 13:26:26,585 log 62188 53760 Not Found: /
WARNING 2025-10-20 13:26:26,585 basehttp 62188 53760 "GET / HTTP/1.1" 404 2472
INFO 2025-10-20 13:26:34,110 basehttp 62188 53760 "GET /admin/ HTTP/1.1" 200 17948
INFO 2025-10-20 17:11:21,399 autoreload 87292 53888 Watching for file changes with StatReloader
INFO 2025-10-21 11:04:48,581 autoreload 55488 47736 Watching for file changes with StatReloader
INFO 2025-10-22 21:28:03,576 autoreload 23656 84936 Watching for file changes with StatReloader
WARNING 2025-10-22 21:28:07,017 log 23656 43216 Not Found: /
WARNING 2025-10-22 21:28:07,017 basehttp 23656 43216 "GET / HTTP/1.1" 404 2472
WARNING 2025-10-22 21:28:07,969 log 23656 43216 Not Found: /favicon.ico
WARNING 2025-10-22 21:28:07,970 basehttp 23656 43216 "GET /favicon.ico HTTP/1.1" 404 2523
INFO 2025-10-22 21:28:13,297 basehttp 23656 46304 "GET /admin/ HTTP/1.1" 200 17948
WARNING 2025-10-22 22:48:40,942 log 23656 76772 Not Found: /
WARNING 2025-10-22 22:48:40,943 basehttp 23656 76772 "GET / HTTP/1.1" 404 2472
WARNING 2025-10-22 22:48:41,827 log 23656 76772 Not Found: /favicon.ico
WARNING 2025-10-22 22:48:41,828 basehttp 23656 76772 "GET /favicon.ico HTTP/1.1" 404 2523
INFO 2025-10-22 22:49:34,965 basehttp 23656 76772 "GET /admin/ HTTP/1.1" 200 17948
INFO 2025-10-23 21:50:08,180 autoreload 76976 51168 Watching for file changes with StatReloader
WARNING 2025-10-23 21:50:11,572 log 76976 63668 Not Found: /
WARNING 2025-10-23 21:50:11,573 basehttp 76976 63668 "GET / HTTP/1.1" 404 2472
WARNING 2025-10-23 21:50:12,683 log 76976 63668 Not Found: /favicon.ico
WARNING 2025-10-23 21:50:12,684 basehttp 76976 63668 "GET /favicon.ico HTTP/1.1" 404 2523
INFO 2025-10-23 21:50:18,910 basehttp 76976 63668 "GET /admin/ HTTP/1.1" 302 0
INFO 2025-10-23 21:50:18,941 basehttp 76976 63668 "GET /admin/login/?next=/admin/ HTTP/1.1" 200 4232
INFO 2025-10-23 21:50:23,246 basehttp 76976 63668 "POST /admin/login/?next=/admin/ HTTP/1.1" 200 4386
INFO 2025-10-23 21:50:28,666 basehttp 76976 63668 "POST /admin/login/?next=/admin/ HTTP/1.1" 302 0
INFO 2025-10-23 21:50:28,687 basehttp 76976 63668 "GET /admin/ HTTP/1.1" 200 19175
INFO 2025-10-23 21:50:31,222 basehttp 76976 63668 "GET /admin/CounselorAdmin/cancellation/ HTTP/1.1" 200 18501
INFO 2025-10-23 21:50:31,273 basehttp 76976 71600 "GET /admin/jsi18n/ HTTP/1.1" 200 9327
INFO 2025-10-23 21:50:31,366 basehttp 76976 63668 "GET /static/admin/css/changelists.css HTTP/1.1" 200 6878
INFO 2025-10-23 21:50:31,392 basehttp 76976 5836 "GET /static/admin/img/search.svg HTTP/1.1" 200 458
INFO 2025-10-23 21:50:31,519 basehttp 76976 5836 "GET /static/admin/js/filters.js HTTP/1.1" 200 978
INFO 2025-10-23 21:50:31,530 basehttp 76976 5836 "GET /static/admin/img/tooltag-add.svg HTTP/1.1" 200 331
INFO 2025-10-23 21:50:35,190 basehttp 76976 5836 "GET /admin/CounselorAdmin/category/ HTTP/1.1" 200 17322
INFO 2025-10-23 21:50:35,227 basehttp 76976 5836 "GET /admin/jsi18n/ HTTP/1.1" 200 9327
INFO 2025-10-23 21:50:36,963 basehttp 76976 5836 "GET /admin/CounselorAdmin/category/add/ HTTP/1.1" 200 19131
INFO 2025-10-23 21:50:37,146 basehttp 76976 5836 "GET /admin/jsi18n/ HTTP/1.1" 200 9327
INFO 2025-10-23 21:50:39,762 basehttp 76976 5836 "GET /admin/CounselorAdmin/adminuser/add/ HTTP/1.1" 200 20390
INFO 2025-10-23 21:50:39,797 basehttp 76976 5836 "GET /admin/jsi18n/ HTTP/1.1" 200 9327
INFO 2025-10-23 21:50:42,561 basehttp 76976 5836 "GET /admin/CounselorAdmin/interviewassessment/add/ HTTP/1.1" 200 23116
INFO 2025-10-23 21:50:42,597 basehttp 76976 5836 "GET /admin/jsi18n/ HTTP/1.1" 200 9327
INFO 2025-10-23 21:50:45,315 basehttp 76976 5836 "GET /admin/CounselorAdmin/bannermodule/add/ HTTP/1.1" 200 19784
INFO 2025-10-23 21:50:45,348 basehttp 76976 5836 "GET /admin/jsi18n/ HTTP/1.1" 200 9327
INFO 2025-10-23 21:50:47,180 basehttp 76976 5836 "GET /admin/CounselorAdmin/appointment/add/ HTTP/1.1" 200 26318
INFO 2025-10-23 21:50:47,219 basehttp 76976 5836 "GET /admin/jsi18n/ HTTP/1.1" 200 9327
INFO 2025-10-23 21:50:47,489 basehttp 76976 5836 "GET /static/admin/img/icon-deletelink.svg HTTP/1.1" 200 392
INFO 2025-10-23 21:51:18,599 basehttp 76976 5836 "GET /admin/CounselorApp/consultation/add/ HTTP/1.1" 200 26481
INFO 2025-10-23 21:51:18,640 basehttp 76976 5836 "GET /admin/jsi18n/ HTTP/1.1" 200 9327
WARNING 2025-10-23 21:52:17,026 log 76976 5836 Not Found: /admin/api/admin/categories/
WARNING 2025-10-23 21:52:17,027 basehttp 76976 5836 "GET /admin/api/admin/categories/ HTTP/1.1" 404 10257
WARNING 2025-10-23 21:53:47,583 log 76976 5836 Not Found: /admin/api/admin/
WARNING 2025-10-23 21:53:47,583 basehttp 76976 5836 "GET /admin/api/admin/ HTTP/1.1" 404 10224
WARNING 2025-10-23 21:54:00,257 log 76976 5836 Not Found: /admin/api/admin/categories/
WARNING 2025-10-23 21:54:00,257 basehttp 76976 5836 "GET /admin/api/admin/categories/ HTTP/1.1" 404 10257
WARNING 2025-10-23 21:54:16,251 log 76976 5836 Not Found: /admin/api/admin/consultants/
WARNING 2025-10-23 21:54:16,252 basehttp 76976 5836 "GET /admin/api/admin/consultants/ HTTP/1.1" 404 10260
INFO 2025-10-23 21:59:58,209 autoreload 60748 62780 Watching for file changes with StatReloader
WARNING 2025-10-23 22:00:06,859 log 60748 12388 Not Found: /admin/api/admin/categories/
WARNING 2025-10-23 22:00:06,860 basehttp 60748 12388 "GET /admin/api/admin/categories/ HTTP/1.1" 404 10257
WARNING 2025-10-23 22:00:18,837 log 60748 12388 Not Found: /admin/api/admin/consultants/
WARNING 2025-10-23 22:00:18,838 basehttp 60748 12388 "GET /admin/api/admin/consultants/ HTTP/1.1" 404 10260
WARNING 2025-10-23 22:01:27,346 log 60748 12388 Not Found: /admin/api/admin/categories/
WARNING 2025-10-23 22:01:27,347 basehttp 60748 12388 "GET /admin/api/admin/categories/ HTTP/1.1" 404 10257
INFO 2025-10-23 22:01:45,616 basehttp 60748 12388 "GET /admin/CounselorApp/consultation/add/ HTTP/1.1" 200 26481
INFO 2025-10-23 22:01:45,650 basehttp 60748 12388 "GET /admin/jsi18n/ HTTP/1.1" 200 9327
WARNING 2025-10-23 22:03:31,060 log 60748 2024 Forbidden (CSRF cookie not set.): /admin/api/admin/interview
WARNING 2025-10-23 22:03:31,061 basehttp 60748 2024 "POST /admin/api/admin/interview HTTP/1.1" 403 2786
INFO 2025-10-23 22:06:59,485 autoreload 60748 62780 D:\github\SunnyCounselor\Counselor\Counselor\settings.py changed, reloading.
INFO 2025-10-23 22:07:11,825 autoreload 76936 79720 Watching for file changes with StatReloader
WARNING 2025-10-23 22:07:17,902 log 76936 30244 Forbidden (CSRF cookie not set.): /admin/api/admin/interview
WARNING 2025-10-23 22:07:17,902 basehttp 76936 30244 "POST /admin/api/admin/interview HTTP/1.1" 403 2786
INFO 2025-10-23 22:07:25,175 basehttp 76936 30244 "GET /admin/api/admin/interview/files?files= HTTP/1.1" 302 0
INFO 2025-10-23 22:07:25,198 basehttp 76936 30244 "GET /admin/login/?next=/admin/api/admin/interview/files%3Ffiles%3D HTTP/1.1" 200 4300
WARNING 2025-10-23 22:07:37,313 log 76936 30244 Forbidden (CSRF token missing.): /admin/api/admin/interview
WARNING 2025-10-23 22:07:37,314 basehttp 76936 30244 "POST /admin/api/admin/interview HTTP/1.1" 403 2486
INFO 2025-10-23 22:08:06,455 basehttp 76936 30244 "GET /admin/api/admin/interview?page=1&page_size=10&std_name=%E5%BC%A0%E4%B8%89&std_grade=%E4%B8%89%E5%B9%B4%E7%BA%A7&std_class=2&std_school=%E7%AC%AC%E4%B8%80%E4%B8%AD%E5%AD%A6&interview_cout=1&interview_status=%E6%9C%AA%E5%BC%80%E5%A7%8B&interview_type=%E6%97%A5%E5%B8%B8%E5%85%B3%E6%B3%A8&doctor_evaluation=%E8%89%AF%E5%A5%BD&follow_up_plan=%E6%8C%81%E7%BB%AD%E5%85%B3%E6%B3%A8 HTTP/1.1" 302 0
INFO 2025-10-23 22:08:06,461 basehttp 76936 30244 "GET /admin/login/?next=/admin/api/admin/interview%3Fpage%3D1%26page_size%3D10%26std_name%3D%25E5%25BC%25A0%25E4%25B8%2589%26std_grade%3D%25E4%25B8%2589%25E5%25B9%25B4%25E7%25BA%25A7%26std_class%3D2%26std_school%3D%25E7%25AC%25AC%25E4%25B8%2580%25E4%25B8%25AD%25E5%25AD%25A6%26interview_cout%3D1%26interview_status%3D%25E6%259C%25AA%25E5%25BC%2580%25E5%25A7%258B%26interview_type%3D%25E6%2597%25A5%25E5%25B8%25B8%25E5%2585%25B3%25E6%25B3%25A8%26doctor_evaluation%3D%25E8%2589%25AF%25E5%25A5%25BD%26follow_up_plan%3D%25E6%258C%2581%25E7%25BB%25AD%25E5%2585%25B3%25E6%25B3%25A8 HTTP/1.1" 200 5184
INFO 2025-10-23 22:10:10,091 autoreload 76936 79720 D:\github\SunnyCounselor\Counselor\Counselor\settings.py changed, reloading.
INFO 2025-10-23 22:10:23,570 autoreload 58480 25132 Watching for file changes with StatReloader
INFO 2025-10-23 22:10:27,008 basehttp 58480 85052 "GET /admin/api/admin/interview?page=1&page_size=10&std_name=%E5%BC%A0%E4%B8%89&std_grade=%E4%B8%89%E5%B9%B4%E7%BA%A7&std_class=2&std_school=%E7%AC%AC%E4%B8%80%E4%B8%AD%E5%AD%A6&interview_cout=1&interview_status=%E6%9C%AA%E5%BC%80%E5%A7%8B&interview_type=%E6%97%A5%E5%B8%B8%E5%85%B3%E6%B3%A8&doctor_evaluation=%E8%89%AF%E5%A5%BD&follow_up_plan=%E6%8C%81%E7%BB%AD%E5%85%B3%E6%B3%A8 HTTP/1.1" 302 0
INFO 2025-10-23 22:10:27,034 basehttp 58480 85052 "GET /admin/login/?next=/admin/api/admin/interview%3Fpage%3D1%26page_size%3D10%26std_name%3D%25E5%25BC%25A0%25E4%25B8%2589%26std_grade%3D%25E4%25B8%2589%25E5%25B9%25B4%25E7%25BA%25A7%26std_class%3D2%26std_school%3D%25E7%25AC%25AC%25E4%25B8%2580%25E4%25B8%25AD%25E5%25AD%25A6%26interview_cout%3D1%26interview_status%3D%25E6%259C%25AA%25E5%25BC%2580%25E5%25A7%258B%26interview_type%3D%25E6%2597%25A5%25E5%25B8%25B8%25E5%2585%25B3%25E6%25B3%25A8%26doctor_evaluation%3D%25E8%2589%25AF%25E5%25A5%25BD%26follow_up_plan%3D%25E6%258C%2581%25E7%25BB%25AD%25E5%2585%25B3%25E6%25B3%25A8 HTTP/1.1" 200 5184
INFO 2025-10-23 22:11:08,859 basehttp 58480 85052 "GET /admin/api/admin/banner?page&page_size&module HTTP/1.1" 302 0
INFO 2025-10-23 22:11:08,864 basehttp 58480 85052 "GET /admin/login/?next=/admin/api/admin/banner%3Fpage%26page_size%26module HTTP/1.1" 200 4322
INFO 2025-10-23 22:11:24,483 basehttp 58480 85052 "GET /admin/api/admin/order?page&page_size&name&date_start&date_end&type&status HTTP/1.1" 302 0
INFO 2025-10-23 22:11:24,489 basehttp 58480 85052 "GET /admin/login/?next=/admin/api/admin/order%3Fpage%26page_size%26name%26date_start%26date_end%26type%26status HTTP/1.1" 200 4404
INFO 2025-10-23 22:17:44,973 autoreload 58480 25132 D:\github\SunnyCounselor\Counselor\Counselor\settings.py changed, reloading.
INFO 2025-10-23 22:17:45,535 autoreload 63884 43176 Watching for file changes with StatReloader
INFO 2025-10-23 22:20:30,044 basehttp 63884 3012 "GET /admin/api/admin/order?page&page_size&name&date_start&date_end&type&status HTTP/1.1" 302 0
INFO 2025-10-23 22:20:30,070 basehttp 63884 3012 "GET /admin/login/?next=/admin/api/admin/order%3Fpage%26page_size%26name%26date_start%26date_end%26type%26status HTTP/1.1" 200 4404
INFO 2025-10-23 22:21:39,713 basehttp 63884 3012 "GET /admin/api/admin/order?page&page_size&name&date_start&date_end&type&status HTTP/1.1" 302 0
INFO 2025-10-23 22:21:39,717 basehttp 63884 3012 "GET /admin/login/?next=/admin/api/admin/order%3Fpage%26page_size%26name%26date_start%26date_end%26type%26status HTTP/1.1" 200 4404
INFO 2025-10-24 14:39:37,367 autoreload 58976 28940 Watching for file changes with StatReloader
INFO 2025-10-24 14:49:32,565 basehttp 58976 87944 "GET /admin/CounselorApp/consultation/add/ HTTP/1.1" 200 26481
WARNING 2025-10-24 14:49:33,769 log 58976 87944 Not Found: /favicon.ico
WARNING 2025-10-24 14:49:33,770 basehttp 58976 87944 "GET /favicon.ico HTTP/1.1" 404 2523
